running egg_info
writing build/multi_cam/multi_cam.egg-info/PKG-INFO
writing dependency_links to build/multi_cam/multi_cam.egg-info/dependency_links.txt
writing entry points to build/multi_cam/multi_cam.egg-info/entry_points.txt
writing requirements to build/multi_cam/multi_cam.egg-info/requires.txt
writing top-level names to build/multi_cam/multi_cam.egg-info/top_level.txt
reading manifest file 'build/multi_cam/multi_cam.egg-info/SOURCES.txt'
writing manifest file 'build/multi_cam/multi_cam.egg-info/SOURCES.txt'
running build
running build_py
copying multi_cam/multi_cam_node.py -> /home/chengjing/Desktop/multi_cam_oak_lite/build/multi_cam/build/lib/multi_cam
running install
running install_lib
copying /home/chengjing/Desktop/multi_cam_oak_lite/build/multi_cam/build/lib/multi_cam/multi_cam_node.py -> /home/chengjing/Desktop/multi_cam_oak_lite/install/multi_cam/lib/python3.8/site-packages/multi_cam
byte-compiling /home/chengjing/Desktop/multi_cam_oak_lite/install/multi_cam/lib/python3.8/site-packages/multi_cam/multi_cam_node.py to multi_cam_node.cpython-38.pyc
running install_data
running install_egg_info
removing '/home/chengjing/Desktop/multi_cam_oak_lite/install/multi_cam/lib/python3.8/site-packages/multi_cam-0.0.0-py3.8.egg-info' (and everything under it)
Copying build/multi_cam/multi_cam.egg-info to /home/chengjing/Desktop/multi_cam_oak_lite/install/multi_cam/lib/python3.8/site-packages/multi_cam-0.0.0-py3.8.egg-info
running install_scripts
Installing cams script to /home/chengjing/Desktop/multi_cam_oak_lite/install/multi_cam/lib/multi_cam/
Installing subs script to /home/chengjing/Desktop/multi_cam_oak_lite/install/multi_cam/lib/multi_cam/
writing list of installed files to '/home/chengjing/Desktop/multi_cam_oak_lite/build/multi_cam/install.log'
