[0.393s] DEBUG:colcon:Command line arguments: ['/home/chengjing/.local/bin/colcon', 'build']
[0.393s] DEBUG:colcon:Parsed command line arguments: Namespace(ament_cmake_args=None, base_paths=['.'], build_base='build', catkin_cmake_args=None, catkin_skip_building_tests=False, cmake_args=None, cmake_clean_cache=False, cmake_clean_first=False, cmake_force_configure=False, cmake_target=None, cmake_target_skip_unavailable=False, continue_on_error=False, event_handlers=None, executor='parallel', ignore_user_meta=False, install_base='install', log_base=None, log_level=None, main=<bound method BuildVerb.main of <colcon_core.verb.build.BuildVerb object at 0x7f1f39693e20>>, merge_install=False, metas=['./colcon.meta'], packages_above=None, packages_above_and_dependencies=None, packages_above_depth=None, packages_end=None, packages_ignore=None, packages_ignore_regex=None, packages_select=None, packages_select_build_failed=False, packages_select_by_dep=None, packages_select_regex=None, packages_select_test_failures=False, packages_skip=None, packages_skip_build_finished=False, packages_skip_by_dep=None, packages_skip_regex=None, packages_skip_test_passed=False, packages_skip_up_to=None, packages_start=None, packages_up_to=None, packages_up_to_regex=None, parallel_workers=16, paths=None, symlink_install=False, test_result_base=None, verb_extension=<colcon_core.verb.build.BuildVerb object at 0x7f1f39693e20>, verb_name='build', verb_parser=<colcon_defaults.argument_parser.defaults.DefaultArgumentsDecorator object at 0x7f1f396983d0>)
[0.415s] Level 1:colcon.colcon_core.package_discovery:discover_packages(colcon_meta) check parameters
[0.415s] Level 1:colcon.colcon_core.package_discovery:discover_packages(recursive) check parameters
[0.415s] Level 1:colcon.colcon_core.package_discovery:discover_packages(ignore) check parameters
[0.415s] Level 1:colcon.colcon_core.package_discovery:discover_packages(path) check parameters
[0.415s] Level 1:colcon.colcon_core.package_discovery:discover_packages(colcon_meta) discover
[0.415s] Level 1:colcon.colcon_core.package_discovery:discover_packages(recursive) discover
[0.415s] INFO:colcon.colcon_core.package_discovery:Crawling recursively for packages in '/home/chengjing/Desktop/multi_cam_oak_lite'
[0.415s] Level 1:colcon.colcon_core.package_identification:_identify(.) by extensions ['ignore', 'ignore_ament_install']
[0.415s] Level 1:colcon.colcon_core.package_identification:_identify(.) by extension 'ignore'
[0.415s] Level 1:colcon.colcon_core.package_identification:_identify(.) by extension 'ignore_ament_install'
[0.415s] Level 1:colcon.colcon_core.package_identification:_identify(.) by extensions ['colcon_pkg']
[0.415s] Level 1:colcon.colcon_core.package_identification:_identify(.) by extension 'colcon_pkg'
[0.416s] Level 1:colcon.colcon_core.package_identification:_identify(.) by extensions ['colcon_meta']
[0.416s] Level 1:colcon.colcon_core.package_identification:_identify(.) by extension 'colcon_meta'
[0.416s] Level 1:colcon.colcon_core.package_identification:_identify(.) by extensions ['ros']
[0.416s] Level 1:colcon.colcon_core.package_identification:_identify(.) by extension 'ros'
[0.432s] DEBUG:colcon.colcon_core.package_identification:Package '.' with type 'ros.ament_python' and name 'multi_cam'
[0.432s] Level 1:colcon.colcon_core.package_discovery:discover_packages(recursive) using defaults
[0.432s] Level 1:colcon.colcon_core.package_discovery:discover_packages(ignore) discover
[0.432s] Level 1:colcon.colcon_core.package_discovery:discover_packages(ignore) using defaults
[0.432s] Level 1:colcon.colcon_core.package_discovery:discover_packages(path) discover
[0.432s] Level 1:colcon.colcon_core.package_discovery:discover_packages(path) using defaults
[0.462s] Level 5:colcon.colcon_core.verb:set package 'multi_cam' build argument 'cmake_args' from command line to 'None'
[0.462s] Level 5:colcon.colcon_core.verb:set package 'multi_cam' build argument 'cmake_target' from command line to 'None'
[0.462s] Level 5:colcon.colcon_core.verb:set package 'multi_cam' build argument 'cmake_target_skip_unavailable' from command line to 'False'
[0.463s] Level 5:colcon.colcon_core.verb:set package 'multi_cam' build argument 'cmake_clean_cache' from command line to 'False'
[0.463s] Level 5:colcon.colcon_core.verb:set package 'multi_cam' build argument 'cmake_clean_first' from command line to 'False'
[0.463s] Level 5:colcon.colcon_core.verb:set package 'multi_cam' build argument 'cmake_force_configure' from command line to 'False'
[0.463s] Level 5:colcon.colcon_core.verb:set package 'multi_cam' build argument 'ament_cmake_args' from command line to 'None'
[0.463s] Level 5:colcon.colcon_core.verb:set package 'multi_cam' build argument 'catkin_cmake_args' from command line to 'None'
[0.463s] Level 5:colcon.colcon_core.verb:set package 'multi_cam' build argument 'catkin_skip_building_tests' from command line to 'False'
[0.463s] DEBUG:colcon.colcon_core.verb:Building package 'multi_cam' with the following arguments: {'ament_cmake_args': None, 'build_base': '/home/chengjing/Desktop/multi_cam_oak_lite/build/multi_cam', 'catkin_cmake_args': None, 'catkin_skip_building_tests': False, 'cmake_args': None, 'cmake_clean_cache': False, 'cmake_clean_first': False, 'cmake_force_configure': False, 'cmake_target': None, 'cmake_target_skip_unavailable': False, 'install_base': '/home/chengjing/Desktop/multi_cam_oak_lite/install/multi_cam', 'merge_install': False, 'path': '/home/chengjing/Desktop/multi_cam_oak_lite', 'symlink_install': False, 'test_result_base': None}
[0.464s] INFO:colcon.colcon_core.executor:Executing jobs using 'parallel' executor
[0.475s] DEBUG:colcon.colcon_parallel_executor.executor.parallel:run_until_complete
[0.475s] INFO:colcon.colcon_ros.task.ament_python.build:Building ROS package in '/home/chengjing/Desktop/multi_cam_oak_lite' with build type 'ament_python'
[0.475s] Level 1:colcon.colcon_core.shell:create_environment_hook('multi_cam', 'ament_prefix_path')
[0.482s] INFO:colcon.colcon_core.plugin_system:Skipping extension 'colcon_core.shell.bat': Not used on non-Windows systems
[0.482s] INFO:colcon.colcon_core.shell:Creating environment hook '/home/chengjing/Desktop/multi_cam_oak_lite/install/multi_cam/share/multi_cam/hook/ament_prefix_path.ps1'
[0.482s] INFO:colcon.colcon_core.shell:Creating environment descriptor '/home/chengjing/Desktop/multi_cam_oak_lite/install/multi_cam/share/multi_cam/hook/ament_prefix_path.dsv'
[0.483s] INFO:colcon.colcon_core.shell:Creating environment hook '/home/chengjing/Desktop/multi_cam_oak_lite/install/multi_cam/share/multi_cam/hook/ament_prefix_path.sh'
[0.487s] INFO:colcon.colcon_core.shell:Skip shell extension 'powershell' for command environment: Not usable outside of PowerShell
[0.487s] DEBUG:colcon.colcon_core.shell:Skip shell extension 'dsv' for command environment
[0.696s] INFO:colcon.colcon_core.task.python.build:Building Python package in '/home/chengjing/Desktop/multi_cam_oak_lite'
[0.701s] INFO:colcon.colcon_core.shell:Skip shell extension 'powershell' for command environment: Not usable outside of PowerShell
[0.702s] DEBUG:colcon.colcon_core.shell:Skip shell extension 'dsv' for command environment
[1.023s] DEBUG:colcon.colcon_core.event_handler.log_command:Invoking command in '/home/chengjing/Desktop/multi_cam_oak_lite': PYTHONPATH=/home/chengjing/Desktop/multi_cam_oak_lite/install/multi_cam/lib/python3.8/site-packages:${PYTHONPATH} /usr/bin/python3 setup.py egg_info --egg-base build/multi_cam build --build-base /home/chengjing/Desktop/multi_cam_oak_lite/build/multi_cam/build install --prefix /home/chengjing/Desktop/multi_cam_oak_lite/install/multi_cam --record /home/chengjing/Desktop/multi_cam_oak_lite/build/multi_cam/install.log --single-version-externally-managed
[1.250s] DEBUG:colcon.colcon_core.event_handler.log_command:Invoked command in '/home/chengjing/Desktop/multi_cam_oak_lite' returned '0': PYTHONPATH=/home/chengjing/Desktop/multi_cam_oak_lite/install/multi_cam/lib/python3.8/site-packages:${PYTHONPATH} /usr/bin/python3 setup.py egg_info --egg-base build/multi_cam build --build-base /home/chengjing/Desktop/multi_cam_oak_lite/build/multi_cam/build install --prefix /home/chengjing/Desktop/multi_cam_oak_lite/install/multi_cam --record /home/chengjing/Desktop/multi_cam_oak_lite/build/multi_cam/install.log --single-version-externally-managed
[1.256s] Level 1:colcon.colcon_core.environment:checking '/home/chengjing/Desktop/multi_cam_oak_lite/install/multi_cam' for CMake module files
[1.256s] Level 1:colcon.colcon_core.environment:checking '/home/chengjing/Desktop/multi_cam_oak_lite/install/multi_cam' for CMake config files
[1.257s] Level 1:colcon.colcon_core.environment:checking '/home/chengjing/Desktop/multi_cam_oak_lite/install/multi_cam/lib'
[1.257s] Level 1:colcon.colcon_core.environment:checking '/home/chengjing/Desktop/multi_cam_oak_lite/install/multi_cam/bin'
[1.257s] Level 1:colcon.colcon_core.environment:checking '/home/chengjing/Desktop/multi_cam_oak_lite/install/multi_cam/lib/pkgconfig/multi_cam.pc'
[1.257s] Level 1:colcon.colcon_core.environment:checking '/home/chengjing/Desktop/multi_cam_oak_lite/install/multi_cam/lib/python3.8/site-packages'
[1.257s] Level 1:colcon.colcon_core.shell:create_environment_hook('multi_cam', 'pythonpath')
[1.261s] INFO:colcon.colcon_core.shell:Creating environment hook '/home/chengjing/Desktop/multi_cam_oak_lite/install/multi_cam/share/multi_cam/hook/pythonpath.ps1'
[1.262s] INFO:colcon.colcon_core.shell:Creating environment descriptor '/home/chengjing/Desktop/multi_cam_oak_lite/install/multi_cam/share/multi_cam/hook/pythonpath.dsv'
[1.262s] INFO:colcon.colcon_core.shell:Creating environment hook '/home/chengjing/Desktop/multi_cam_oak_lite/install/multi_cam/share/multi_cam/hook/pythonpath.sh'
[1.262s] Level 1:colcon.colcon_core.environment:checking '/home/chengjing/Desktop/multi_cam_oak_lite/install/multi_cam/bin'
[1.262s] Level 1:colcon.colcon_core.environment:create_environment_scripts_only(multi_cam)
[1.267s] INFO:colcon.colcon_core.shell:Creating package script '/home/chengjing/Desktop/multi_cam_oak_lite/install/multi_cam/share/multi_cam/package.ps1'
[1.267s] INFO:colcon.colcon_core.shell:Creating package descriptor '/home/chengjing/Desktop/multi_cam_oak_lite/install/multi_cam/share/multi_cam/package.dsv'
[1.267s] INFO:colcon.colcon_core.shell:Creating package script '/home/chengjing/Desktop/multi_cam_oak_lite/install/multi_cam/share/multi_cam/package.sh'
[1.268s] INFO:colcon.colcon_core.shell:Creating package script '/home/chengjing/Desktop/multi_cam_oak_lite/install/multi_cam/share/multi_cam/package.bash'
[1.268s] INFO:colcon.colcon_core.shell:Creating package script '/home/chengjing/Desktop/multi_cam_oak_lite/install/multi_cam/share/multi_cam/package.zsh'
[1.269s] Level 1:colcon.colcon_core.environment:create_file_with_runtime_dependencies(/home/chengjing/Desktop/multi_cam_oak_lite/install/multi_cam/share/colcon-core/packages/multi_cam)
[1.269s] DEBUG:colcon.colcon_parallel_executor.executor.parallel:closing loop
[1.269s] DEBUG:colcon.colcon_parallel_executor.executor.parallel:loop closed
[1.269s] DEBUG:colcon.colcon_parallel_executor.executor.parallel:run_until_complete finished with '0'
[1.270s] DEBUG:colcon.colcon_core.event_reactor:joining thread
[1.276s] INFO:colcon.colcon_core.plugin_system:Skipping extension 'colcon_notification.desktop_notification.terminal_notifier': Not used on non-Darwin systems
[1.276s] INFO:colcon.colcon_core.plugin_system:Skipping extension 'colcon_notification.desktop_notification.win32': Not used on non-Windows systems
[1.276s] INFO:colcon.colcon_notification.desktop_notification:Sending desktop notification using 'notify2'
[1.291s] DEBUG:colcon.colcon_core.event_reactor:joined thread
[1.296s] INFO:colcon.colcon_core.shell:Creating prefix script '/home/chengjing/Desktop/multi_cam_oak_lite/install/local_setup.ps1'
[1.297s] INFO:colcon.colcon_core.shell:Creating prefix util module '/home/chengjing/Desktop/multi_cam_oak_lite/install/_local_setup_util_ps1.py'
[1.298s] INFO:colcon.colcon_core.shell:Creating prefix chain script '/home/chengjing/Desktop/multi_cam_oak_lite/install/setup.ps1'
[1.301s] INFO:colcon.colcon_core.shell:Creating prefix script '/home/chengjing/Desktop/multi_cam_oak_lite/install/local_setup.sh'
[1.302s] INFO:colcon.colcon_core.shell:Creating prefix util module '/home/chengjing/Desktop/multi_cam_oak_lite/install/_local_setup_util_sh.py'
[1.302s] INFO:colcon.colcon_core.shell:Creating prefix chain script '/home/chengjing/Desktop/multi_cam_oak_lite/install/setup.sh'
[1.306s] INFO:colcon.colcon_core.shell:Creating prefix script '/home/chengjing/Desktop/multi_cam_oak_lite/install/local_setup.bash'
[1.306s] INFO:colcon.colcon_core.shell:Creating prefix chain script '/home/chengjing/Desktop/multi_cam_oak_lite/install/setup.bash'
[1.309s] INFO:colcon.colcon_core.shell:Creating prefix script '/home/chengjing/Desktop/multi_cam_oak_lite/install/local_setup.zsh'
[1.310s] INFO:colcon.colcon_core.shell:Creating prefix chain script '/home/chengjing/Desktop/multi_cam_oak_lite/install/setup.zsh'
