running egg_info
creating build/multi_cam/multi_cam.egg-info
writing build/multi_cam/multi_cam.egg-info/PKG-INFO
writing dependency_links to build/multi_cam/multi_cam.egg-info/dependency_links.txt
writing entry points to build/multi_cam/multi_cam.egg-info/entry_points.txt
writing requirements to build/multi_cam/multi_cam.egg-info/requires.txt
writing top-level names to build/multi_cam/multi_cam.egg-info/top_level.txt
writing manifest file 'build/multi_cam/multi_cam.egg-info/SOURCES.txt'
reading manifest file 'build/multi_cam/multi_cam.egg-info/SOURCES.txt'
writing manifest file 'build/multi_cam/multi_cam.egg-info/SOURCES.txt'
running build
running build_py
creating /home/chengjing/Desktop/multi_cam_oak_lite/build/multi_cam/build
creating /home/chengjing/Desktop/multi_cam_oak_lite/build/multi_cam/build/lib
creating /home/chengjing/Desktop/multi_cam_oak_lite/build/multi_cam/build/lib/multi_cam
copying multi_cam/__init__.py -> /home/chengjing/Desktop/multi_cam_oak_lite/build/multi_cam/build/lib/multi_cam
copying multi_cam/multi_cam_node.py -> /home/chengjing/Desktop/multi_cam_oak_lite/build/multi_cam/build/lib/multi_cam
copying multi_cam/cam_subscriber_node.py -> /home/chengjing/Desktop/multi_cam_oak_lite/build/multi_cam/build/lib/multi_cam
running install
running install_lib
creating /home/chengjing/Desktop/multi_cam_oak_lite/install/multi_cam/lib/python3.8/site-packages/multi_cam
copying /home/chengjing/Desktop/multi_cam_oak_lite/build/multi_cam/build/lib/multi_cam/__init__.py -> /home/chengjing/Desktop/multi_cam_oak_lite/install/multi_cam/lib/python3.8/site-packages/multi_cam
copying /home/chengjing/Desktop/multi_cam_oak_lite/build/multi_cam/build/lib/multi_cam/multi_cam_node.py -> /home/chengjing/Desktop/multi_cam_oak_lite/install/multi_cam/lib/python3.8/site-packages/multi_cam
copying /home/chengjing/Desktop/multi_cam_oak_lite/build/multi_cam/build/lib/multi_cam/cam_subscriber_node.py -> /home/chengjing/Desktop/multi_cam_oak_lite/install/multi_cam/lib/python3.8/site-packages/multi_cam
byte-compiling /home/chengjing/Desktop/multi_cam_oak_lite/install/multi_cam/lib/python3.8/site-packages/multi_cam/__init__.py to __init__.cpython-38.pyc
byte-compiling /home/chengjing/Desktop/multi_cam_oak_lite/install/multi_cam/lib/python3.8/site-packages/multi_cam/multi_cam_node.py to multi_cam_node.cpython-38.pyc
byte-compiling /home/chengjing/Desktop/multi_cam_oak_lite/install/multi_cam/lib/python3.8/site-packages/multi_cam/cam_subscriber_node.py to cam_subscriber_node.cpython-38.pyc
running install_data
creating /home/chengjing/Desktop/multi_cam_oak_lite/install/multi_cam/share/ament_index
creating /home/chengjing/Desktop/multi_cam_oak_lite/install/multi_cam/share/ament_index/resource_index
creating /home/chengjing/Desktop/multi_cam_oak_lite/install/multi_cam/share/ament_index/resource_index/packages
copying resource/multi_cam -> /home/chengjing/Desktop/multi_cam_oak_lite/install/multi_cam/share/ament_index/resource_index/packages
copying package.xml -> /home/chengjing/Desktop/multi_cam_oak_lite/install/multi_cam/share/multi_cam
running install_egg_info
Copying build/multi_cam/multi_cam.egg-info to /home/chengjing/Desktop/multi_cam_oak_lite/install/multi_cam/lib/python3.8/site-packages/multi_cam-0.0.0-py3.8.egg-info
running install_scripts
Installing cams script to /home/chengjing/Desktop/multi_cam_oak_lite/install/multi_cam/lib/multi_cam/
Installing subs script to /home/chengjing/Desktop/multi_cam_oak_lite/install/multi_cam/lib/multi_cam/
writing list of installed files to '/home/chengjing/Desktop/multi_cam_oak_lite/build/multi_cam/install.log'
