[0.924s] Invoking command in '/home/chengjing/Desktop/multi_cam_oak_lite': PYTHONPATH=/home/chengjing/Desktop/multi_cam_oak_lite/install/multi_cam/lib/python3.8/site-packages:${PYTHONPATH} /usr/bin/python3 setup.py egg_info --egg-base build/multi_cam build --build-base /home/chengjing/Desktop/multi_cam_oak_lite/build/multi_cam/build install --prefix /home/chengjing/Desktop/multi_cam_oak_lite/install/multi_cam --record /home/chengjing/Desktop/multi_cam_oak_lite/build/multi_cam/install.log --single-version-externally-managed
[1.221s] running egg_info
[1.221s] creating build/multi_cam/multi_cam.egg-info
[1.232s] writing build/multi_cam/multi_cam.egg-info/PKG-INFO
[1.232s] writing dependency_links to build/multi_cam/multi_cam.egg-info/dependency_links.txt
[1.232s] writing entry points to build/multi_cam/multi_cam.egg-info/entry_points.txt
[1.232s] writing requirements to build/multi_cam/multi_cam.egg-info/requires.txt
[1.232s] writing top-level names to build/multi_cam/multi_cam.egg-info/top_level.txt
[1.233s] writing manifest file 'build/multi_cam/multi_cam.egg-info/SOURCES.txt'
[1.262s] reading manifest file 'build/multi_cam/multi_cam.egg-info/SOURCES.txt'
[1.263s] writing manifest file 'build/multi_cam/multi_cam.egg-info/SOURCES.txt'
[1.263s] running build
[1.263s] running build_py
[1.263s] creating /home/chengjing/Desktop/multi_cam_oak_lite/build/multi_cam/build
[1.263s] creating /home/chengjing/Desktop/multi_cam_oak_lite/build/multi_cam/build/lib
[1.263s] creating /home/chengjing/Desktop/multi_cam_oak_lite/build/multi_cam/build/lib/multi_cam
[1.263s] copying multi_cam/__init__.py -> /home/chengjing/Desktop/multi_cam_oak_lite/build/multi_cam/build/lib/multi_cam
[1.263s] copying multi_cam/multi_cam_node.py -> /home/chengjing/Desktop/multi_cam_oak_lite/build/multi_cam/build/lib/multi_cam
[1.263s] copying multi_cam/cam_subscriber_node.py -> /home/chengjing/Desktop/multi_cam_oak_lite/build/multi_cam/build/lib/multi_cam
[1.264s] running install
[1.270s] /home/chengjing/.local/lib/python3.8/site-packages/setuptools/command/install.py:34: SetuptoolsDeprecationWarning: setup.py install is deprecated. Use build and pip and other standards-based tools.
[1.271s]   warnings.warn(
[1.275s] running install_lib
[1.285s] creating /home/chengjing/Desktop/multi_cam_oak_lite/install/multi_cam/lib/python3.8/site-packages/multi_cam
[1.285s] copying /home/chengjing/Desktop/multi_cam_oak_lite/build/multi_cam/build/lib/multi_cam/__init__.py -> /home/chengjing/Desktop/multi_cam_oak_lite/install/multi_cam/lib/python3.8/site-packages/multi_cam
[1.286s] copying /home/chengjing/Desktop/multi_cam_oak_lite/build/multi_cam/build/lib/multi_cam/multi_cam_node.py -> /home/chengjing/Desktop/multi_cam_oak_lite/install/multi_cam/lib/python3.8/site-packages/multi_cam
[1.286s] copying /home/chengjing/Desktop/multi_cam_oak_lite/build/multi_cam/build/lib/multi_cam/cam_subscriber_node.py -> /home/chengjing/Desktop/multi_cam_oak_lite/install/multi_cam/lib/python3.8/site-packages/multi_cam
[1.286s] byte-compiling /home/chengjing/Desktop/multi_cam_oak_lite/install/multi_cam/lib/python3.8/site-packages/multi_cam/__init__.py to __init__.cpython-38.pyc
[1.286s] byte-compiling /home/chengjing/Desktop/multi_cam_oak_lite/install/multi_cam/lib/python3.8/site-packages/multi_cam/multi_cam_node.py to multi_cam_node.cpython-38.pyc
[1.286s] byte-compiling /home/chengjing/Desktop/multi_cam_oak_lite/install/multi_cam/lib/python3.8/site-packages/multi_cam/cam_subscriber_node.py to cam_subscriber_node.cpython-38.pyc
[1.286s] running install_data
[1.297s] creating /home/chengjing/Desktop/multi_cam_oak_lite/install/multi_cam/share/ament_index
[1.297s] creating /home/chengjing/Desktop/multi_cam_oak_lite/install/multi_cam/share/ament_index/resource_index
[1.297s] creating /home/chengjing/Desktop/multi_cam_oak_lite/install/multi_cam/share/ament_index/resource_index/packages
[1.297s] copying resource/multi_cam -> /home/chengjing/Desktop/multi_cam_oak_lite/install/multi_cam/share/ament_index/resource_index/packages
[1.297s] copying package.xml -> /home/chengjing/Desktop/multi_cam_oak_lite/install/multi_cam/share/multi_cam
[1.297s] running install_egg_info
[1.308s] Copying build/multi_cam/multi_cam.egg-info to /home/chengjing/Desktop/multi_cam_oak_lite/install/multi_cam/lib/python3.8/site-packages/multi_cam-0.0.0-py3.8.egg-info
[1.308s] running install_scripts
[1.361s] Installing cams script to /home/chengjing/Desktop/multi_cam_oak_lite/install/multi_cam/lib/multi_cam/
[1.361s] Installing subs script to /home/chengjing/Desktop/multi_cam_oak_lite/install/multi_cam/lib/multi_cam/
[1.361s] writing list of installed files to '/home/chengjing/Desktop/multi_cam_oak_lite/build/multi_cam/install.log'
[1.387s] Invoked command in '/home/chengjing/Desktop/multi_cam_oak_lite' returned '0': PYTHONPATH=/home/chengjing/Desktop/multi_cam_oak_lite/install/multi_cam/lib/python3.8/site-packages:${PYTHONPATH} /usr/bin/python3 setup.py egg_info --egg-base build/multi_cam build --build-base /home/chengjing/Desktop/multi_cam_oak_lite/build/multi_cam/build install --prefix /home/chengjing/Desktop/multi_cam_oak_lite/install/multi_cam --record /home/chengjing/Desktop/multi_cam_oak_lite/build/multi_cam/install.log --single-version-externally-managed
