[0.543s] Invoking command in '/home/chengjing/Desktop/multi_cam_oak_lite': PYTHONPATH=/home/chengjing/Desktop/multi_cam_oak_lite/install/multi_cam/lib/python3.8/site-packages:${PYTHONPATH} /usr/bin/python3 setup.py egg_info --egg-base build/multi_cam build --build-base /home/chengjing/Desktop/multi_cam_oak_lite/build/multi_cam/build install --prefix /home/chengjing/Desktop/multi_cam_oak_lite/install/multi_cam --record /home/chengjing/Desktop/multi_cam_oak_lite/build/multi_cam/install.log --single-version-externally-managed
[0.738s] running egg_info
[0.739s] writing build/multi_cam/multi_cam.egg-info/PKG-INFO
[0.739s] writing dependency_links to build/multi_cam/multi_cam.egg-info/dependency_links.txt
[0.739s] writing entry points to build/multi_cam/multi_cam.egg-info/entry_points.txt
[0.739s] writing requirements to build/multi_cam/multi_cam.egg-info/requires.txt
[0.739s] writing top-level names to build/multi_cam/multi_cam.egg-info/top_level.txt
[0.741s] reading manifest file 'build/multi_cam/multi_cam.egg-info/SOURCES.txt'
[0.741s] writing manifest file 'build/multi_cam/multi_cam.egg-info/SOURCES.txt'
[0.742s] running build
[0.742s] running build_py
[0.742s] copying multi_cam/multi_cam_node.py -> /home/chengjing/Desktop/multi_cam_oak_lite/build/multi_cam/build/lib/multi_cam
[0.742s] running install
[0.742s] running install_lib
[0.743s] copying /home/chengjing/Desktop/multi_cam_oak_lite/build/multi_cam/build/lib/multi_cam/multi_cam_node.py -> /home/chengjing/Desktop/multi_cam_oak_lite/install/multi_cam/lib/python3.8/site-packages/multi_cam
[0.743s] byte-compiling /home/chengjing/Desktop/multi_cam_oak_lite/install/multi_cam/lib/python3.8/site-packages/multi_cam/multi_cam_node.py to multi_cam_node.cpython-38.pyc
[0.744s] running install_data
[0.744s] running install_egg_info
[0.745s] removing '/home/chengjing/Desktop/multi_cam_oak_lite/install/multi_cam/lib/python3.8/site-packages/multi_cam-0.0.0-py3.8.egg-info' (and everything under it)
[0.745s] Copying build/multi_cam/multi_cam.egg-info to /home/chengjing/Desktop/multi_cam_oak_lite/install/multi_cam/lib/python3.8/site-packages/multi_cam-0.0.0-py3.8.egg-info
[0.746s] running install_scripts
[0.758s] Installing cams script to /home/chengjing/Desktop/multi_cam_oak_lite/install/multi_cam/lib/multi_cam/
[0.758s] Installing subs script to /home/chengjing/Desktop/multi_cam_oak_lite/install/multi_cam/lib/multi_cam/
[0.758s] writing list of installed files to '/home/chengjing/Desktop/multi_cam_oak_lite/build/multi_cam/install.log'
[0.776s] Invoked command in '/home/chengjing/Desktop/multi_cam_oak_lite' returned '0': PYTHONPATH=/home/chengjing/Desktop/multi_cam_oak_lite/install/multi_cam/lib/python3.8/site-packages:${PYTHONPATH} /usr/bin/python3 setup.py egg_info --egg-base build/multi_cam build --build-base /home/chengjing/Desktop/multi_cam_oak_lite/build/multi_cam/build install --prefix /home/chengjing/Desktop/multi_cam_oak_lite/install/multi_cam --record /home/chengjing/Desktop/multi_cam_oak_lite/build/multi_cam/install.log --single-version-externally-managed
